MEME ADDED! YFKHHLb.gifv has been added to the meme repo
MEME ADDED! mkfjt8kpiioy.png has been added to the meme repo
MEME ADDED! mkfjt8kpiioy.png has been added to the meme repo
MEME ADDED! mkfjt8kpiioy.png has been added to the meme repo
2017-03-31 02:04:46.218597 MEME ADDED! n222i72hkkoy.jpg has been added to the meme repo
2017-03-31 14:05:17.168542 MEME ADDED! 3eeCfu1.png has been added to the meme repo
2017-04-01 00:02:53.886033 MEME ADDED! nqlgq2bi5soy.jpg has been added to the meme repo
2017-04-01 13:28:51.573002 MEME ADDED! 863uje397xoy.png has been added to the meme repo
2017-04-01 13:44:27.229857 MEME ADDED! g0iotnfazuoy.jpg has been added to the meme repo
2017-04-01 13:49:28.755279 MEME ADDED! 1izw3mnn9xoy.jpg has been added to the meme repo
2017-04-01 14:53:50.141602 MEME ADDED! 5ygvqfb27xoy.jpg has been added to the meme repo
2017-04-01 20:29:17.730347 MEME ADDED! p9zUbl6.jpg has been added to the meme repo
2017-04-02 02:31:58.579542 MEME ADDED! R0uxaVX.jpg has been added to the meme repo
2017-04-02 06:31:49.740838 MEME ADDED! tpbwalop71py.jpg has been added to the meme repo
2017-04-02 14:38:38.885398 MEME ADDED! j5vbw314a4py.png has been added to the meme repo
2017-04-02 15:04:48.484212 MEME ADDED! TJII4Ez.gifv has been added to the meme repo
2017-04-03 01:39:46.671206 MEME ADDED! xm5ld8ti87py.jpg has been added to the meme repo
2017-04-03 13:46:37.129458 MEME ADDED! wyhxjobqlbpy.jpg has been added to the meme repo
2017-04-05 17:07:32.516886 MEME ADDED! mtqcnktrippy.png has been added to the meme repo
2017-04-05 22:17:23.345375 MEME ADDED! GCYEhFJ has been added to the meme repo
2017-04-06 04:51:11.014153 MEME ADDED! e5zvuidyatpy.jpg has been added to the meme repo
2017-04-06 14:17:24.610481 MEME ADDED! 595hiylw3xpy.png has been added to the meme repo
2017-04-07 03:33:34.778887 MEME ADDED! osxx7cwqc0qy.jpg has been added to the meme repo
